[29-Aug-2019 10:20:01] NOTICE: fpm is running, pid 16
[29-Aug-2019 10:20:01] NOTICE: ready to handle connections
[29-Aug-2019 11:44:09] NOTICE: fpm is running, pid 60
[29-Aug-2019 11:44:09] NOTICE: ready to handle connections
[29-Aug-2019 12:01:41] WARNING: [pool www] server reached pm.max_children setting (5), consider raising it
[29-Aug-2019 12:12:25] WARNING: [pool www] server reached pm.max_children setting (5), consider raising it
[29-Aug-2019 12:21:05] WARNING: [pool www] server reached pm.max_children setting (5), consider raising it
[29-Aug-2019 12:22:37] WARNING: [pool www] server reached pm.max_children setting (5), consider raising it
[29-Aug-2019 12:24:35] WARNING: [pool www] server reached pm.max_children setting (5), consider raising it
[29-Aug-2019 12:25:23] WARNING: [pool www] server reached pm.max_children setting (5), consider raising it
[29-Aug-2019 12:42:26] WARNING: [pool www] server reached pm.max_children setting (5), consider raising it
[29-Aug-2019 12:53:03] WARNING: [pool www] server reached pm.max_children setting (5), consider raising it
[29-Aug-2019 13:01:54] WARNING: [pool www] server reached pm.max_children setting (5), consider raising it
[29-Aug-2019 14:15:05] WARNING: [pool www] server reached pm.max_children setting (5), consider raising it
[29-Aug-2019 14:20:42] WARNING: [pool www] server reached pm.max_children setting (5), consider raising it
[30-Aug-2019 06:59:27] NOTICE: fpm is running, pid 51
[30-Aug-2019 06:59:27] NOTICE: ready to handle connections
[30-Aug-2019 07:02:18] WARNING: [pool www] server reached pm.max_children setting (5), consider raising it
[30-Aug-2019 07:02:53] WARNING: [pool www] server reached pm.max_children setting (5), consider raising it
[30-Aug-2019 07:30:50] WARNING: [pool www] server reached pm.max_children setting (5), consider raising it
[30-Aug-2019 07:34:02] WARNING: [pool www] server reached pm.max_children setting (5), consider raising it
[30-Aug-2019 07:55:26] WARNING: [pool www] server reached pm.max_children setting (5), consider raising it
[30-Aug-2019 08:06:33] WARNING: [pool www] server reached pm.max_children setting (5), consider raising it
[30-Aug-2019 08:07:20] WARNING: [pool www] server reached pm.max_children setting (5), consider raising it
[30-Aug-2019 08:09:01] WARNING: [pool www] server reached pm.max_children setting (5), consider raising it
[30-Aug-2019 08:16:00] WARNING: [pool www] server reached pm.max_children setting (5), consider raising it
[30-Aug-2019 08:27:26] WARNING: [pool www] server reached pm.max_children setting (5), consider raising it
[30-Aug-2019 08:31:18] WARNING: [pool www] server reached pm.max_children setting (5), consider raising it
[30-Aug-2019 08:34:05] WARNING: [pool www] server reached pm.max_children setting (5), consider raising it
[30-Aug-2019 08:35:26] WARNING: [pool www] server reached pm.max_children setting (5), consider raising it
[30-Aug-2019 09:02:26] WARNING: [pool www] server reached pm.max_children setting (5), consider raising it
[30-Aug-2019 09:05:13] WARNING: [pool www] server reached pm.max_children setting (5), consider raising it
[30-Aug-2019 10:27:03] WARNING: [pool www] server reached pm.max_children setting (5), consider raising it
[30-Aug-2019 11:39:33] WARNING: [pool www] server reached pm.max_children setting (5), consider raising it
[30-Aug-2019 11:43:12] WARNING: [pool www] server reached pm.max_children setting (5), consider raising it
[30-Aug-2019 11:43:57] WARNING: [pool www] server reached pm.max_children setting (5), consider raising it
[30-Aug-2019 13:25:26] WARNING: [pool www] server reached pm.max_children setting (5), consider raising it
[30-Aug-2019 13:29:02] WARNING: [pool www] server reached pm.max_children setting (5), consider raising it
[30-Aug-2019 14:09:58] WARNING: [pool www] server reached pm.max_children setting (5), consider raising it
[30-Aug-2019 14:10:43] WARNING: [pool www] server reached pm.max_children setting (5), consider raising it
[02-Sep-2019 07:05:33] NOTICE: fpm is running, pid 58
[02-Sep-2019 07:05:33] NOTICE: ready to handle connections
