2019-08-29T10:20:02.407048Z 0 [Warning] TIMESTAMP with implicit DEFAULT value is deprecated. Please use --explicit_defaults_for_timestamp server option (see documentation for more details).
2019-08-29T10:20:02.409072Z 0 [Note] /usr/sbin/mysqld (mysqld 5.7.23) starting as process 33 ...
2019-08-29T10:20:02.431048Z 0 [Note] InnoDB: PUNCH HOLE support available
2019-08-29T10:20:02.432106Z 0 [Note] InnoDB: Mutexes and rw_locks use GCC atomic builtins
2019-08-29T10:20:02.433129Z 0 [Note] InnoDB: Uses event mutexes
2019-08-29T10:20:02.434200Z 0 [Note] InnoDB: GCC builtin __atomic_thread_fence() is used for memory barrier
2019-08-29T10:20:02.435020Z 0 [Note] InnoDB: Compressed tables use zlib 1.2.3
2019-08-29T10:20:02.436012Z 0 [Note] InnoDB: Using Linux native AIO
2019-08-29T10:20:02.437406Z 0 [Note] InnoDB: Number of pools: 1
2019-08-29T10:20:02.438200Z 0 [Note] InnoDB: Using CPU crc32 instructions
2019-08-29T10:20:02.447090Z 0 [Note] InnoDB: Initializing buffer pool, total size = 32M, instances = 1, chunk size = 32M
2019-08-29T10:20:02.451368Z 0 [Note] InnoDB: Completed initialization of buffer pool
2019-08-29T10:20:02.463944Z 0 [Note] InnoDB: If the mysqld execution user is authorized, page cleaner thread priority can be changed. See the man page of setpriority().
2019-08-29T10:20:02.477408Z 0 [Note] InnoDB: Highest supported file format is Barracuda.
2019-08-29T10:20:02.484946Z 0 [Note] InnoDB: Log scan progressed past the checkpoint lsn 2588963
2019-08-29T10:20:02.485707Z 0 [Note] InnoDB: Doing recovery: scanned up to log sequence number 2591784
2019-08-29T10:20:02.487018Z 0 [Note] InnoDB: Database was not shutdown normally!
2019-08-29T10:20:02.487601Z 0 [Note] InnoDB: Starting crash recovery.
2019-08-29T10:20:02.758694Z 0 [Note] InnoDB: Starting an apply batch of log records to the database...
InnoDB: Progress in percent: 27 28 29 30 31 32 33 34 35 36 37 38 39 40 41 42 43 44 45 46 47 48 49 50 51 52 53 54 55 56 57 58 59 60 61 62 63 64 65 66 67 68 69 70 71 72 73 74 75 76 77 78 79 80 81 82 83 84 85 86 87 88 89 90 91 92 93 94 95 96 97 98 99 
2019-08-29T10:20:02.863906Z 0 [Note] InnoDB: Apply batch completed
2019-08-29T10:20:02.983628Z 0 [Note] InnoDB: Removed temporary tablespace data file: "ibtmp1"
2019-08-29T10:20:02.984892Z 0 [Note] InnoDB: Creating shared tablespace for temporary tables
2019-08-29T10:20:02.985686Z 0 [Note] InnoDB: Setting file './ibtmp1' size to 12 MB. Physically writing the file full; Please wait ...
2019-08-29T10:20:03.059523Z 0 [Note] InnoDB: File './ibtmp1' size is now 12 MB.
2019-08-29T10:20:03.062534Z 0 [Note] InnoDB: 96 redo rollback segment(s) found. 96 redo rollback segment(s) are active.
2019-08-29T10:20:03.071232Z 0 [Note] InnoDB: 32 non-redo rollback segment(s) are active.
2019-08-29T10:20:03.072970Z 0 [Note] InnoDB: Waiting for purge to start
2019-08-29T10:20:03.125745Z 0 [Note] InnoDB: 5.7.23 started; log sequence number 2591784
2019-08-29T10:20:03.129069Z 0 [Note] Plugin 'FEDERATED' is disabled.
2019-08-29T10:20:03.133335Z 0 [Note] InnoDB: Loading buffer pool(s) from /var/lib/mysql/ib_buffer_pool
2019-08-29T10:20:03.150509Z 0 [Warning] Failed to set up SSL because of the following SSL library error: SSL context is not usable without certificate and private key
2019-08-29T10:20:03.151312Z 0 [Note] Server hostname (bind-address): '*'; port: 3306
2019-08-29T10:20:03.153542Z 0 [Note] IPv6 is available.
2019-08-29T10:20:03.156455Z 0 [Note] InnoDB: Buffer pool(s) load completed at 190829 10:20:03
2019-08-29T10:20:03.157274Z 0 [Note]   - '::' resolves to '::';
2019-08-29T10:20:03.158202Z 0 [Note] Server socket created on IP: '::'.
2019-08-29T10:20:03.170176Z 0 [Warning] Insecure configuration for --pid-file: Location '/var/run/mysqld' in the path is accessible to all OS users. Consider choosing a different directory.
2019-08-29T10:20:03.184341Z 0 [ERROR] /usr/sbin/mysqld: Table './mysql/user' is marked as crashed and should be repaired
2019-08-29T10:20:03.185444Z 0 [Warning] Checking table:   './mysql/user'
2019-08-29T10:20:03.186217Z 0 [ERROR] 1 client is using or hasn't closed the table properly
2019-08-29T10:20:03.190025Z 0 [Warning] 'user' entry 'root@localhost' ignored in --skip-name-resolve mode.
2019-08-29T10:20:03.190953Z 0 [Warning] 'user' entry 'mysql.session@localhost' ignored in --skip-name-resolve mode.
2019-08-29T10:20:03.191657Z 0 [Warning] 'user' entry 'mysql.sys@localhost' ignored in --skip-name-resolve mode.
2019-08-29T10:20:03.194095Z 0 [Warning] 'db' entry 'performance_schema mysql.session@localhost' ignored in --skip-name-resolve mode.
2019-08-29T10:20:03.194837Z 0 [Warning] 'db' entry 'sys mysql.sys@localhost' ignored in --skip-name-resolve mode.
2019-08-29T10:20:03.195555Z 0 [Warning] 'proxies_priv' entry '@ root@localhost' ignored in --skip-name-resolve mode.
2019-08-29T10:20:03.198531Z 0 [Warning] 'tables_priv' entry 'user mysql.session@localhost' ignored in --skip-name-resolve mode.
2019-08-29T10:20:03.199265Z 0 [Warning] 'tables_priv' entry 'sys_config mysql.sys@localhost' ignored in --skip-name-resolve mode.
2019-08-29T10:20:03.239370Z 0 [Note] Event Scheduler: Loaded 0 events
2019-08-29T10:20:03.244452Z 0 [Note] /usr/sbin/mysqld: ready for connections.
Version: '5.7.23'  socket: '/var/run/mysqld/mysqld.sock'  port: 3306  MySQL Community Server (GPL)
2019-08-29T10:20:14.205442Z 4 [ERROR] /usr/sbin/mysqld: Table './mysql/proc' is marked as crashed and should be repaired
2019-08-29T10:20:14.208577Z 4 [Warning] Checking table:   './mysql/proc'
2019-08-29T10:20:14.336980Z 6 [Warning] 'user' entry 'root@localhost' ignored in --skip-name-resolve mode.
2019-08-29T10:20:14.338042Z 6 [Warning] 'user' entry 'mysql.session@localhost' ignored in --skip-name-resolve mode.
2019-08-29T10:20:14.341813Z 6 [Warning] 'user' entry 'mysql.sys@localhost' ignored in --skip-name-resolve mode.
2019-08-29T10:20:14.342862Z 6 [Warning] 'db' entry 'performance_schema mysql.session@localhost' ignored in --skip-name-resolve mode.
2019-08-29T10:20:14.344220Z 6 [Warning] 'db' entry 'sys mysql.sys@localhost' ignored in --skip-name-resolve mode.
2019-08-29T10:20:14.345208Z 6 [Warning] 'proxies_priv' entry '@ root@localhost' ignored in --skip-name-resolve mode.
2019-08-29T10:20:14.346291Z 6 [Warning] 'tables_priv' entry 'user mysql.session@localhost' ignored in --skip-name-resolve mode.
2019-08-29T10:20:14.347121Z 6 [Warning] 'tables_priv' entry 'sys_config mysql.sys@localhost' ignored in --skip-name-resolve mode.
2019-08-29T11:44:12.002453Z 0 [Warning] TIMESTAMP with implicit DEFAULT value is deprecated. Please use --explicit_defaults_for_timestamp server option (see documentation for more details).
2019-08-29T11:44:12.017826Z 0 [Note] /usr/sbin/mysqld (mysqld 5.7.23) starting as process 91 ...
2019-08-29T11:44:12.115690Z 0 [Note] InnoDB: PUNCH HOLE support available
2019-08-29T11:44:12.117295Z 0 [Note] InnoDB: Mutexes and rw_locks use GCC atomic builtins
2019-08-29T11:44:12.118219Z 0 [Note] InnoDB: Uses event mutexes
2019-08-29T11:44:12.119300Z 0 [Note] InnoDB: GCC builtin __atomic_thread_fence() is used for memory barrier
2019-08-29T11:44:12.120217Z 0 [Note] InnoDB: Compressed tables use zlib 1.2.3
2019-08-29T11:44:12.121186Z 0 [Note] InnoDB: Using Linux native AIO
2019-08-29T11:44:12.128438Z 0 [Note] InnoDB: Number of pools: 1
2019-08-29T11:44:12.141210Z 0 [Note] InnoDB: Using CPU crc32 instructions
2019-08-29T11:44:12.148657Z 0 [Note] InnoDB: Initializing buffer pool, total size = 32M, instances = 1, chunk size = 32M
2019-08-29T11:44:12.165014Z 0 [Note] InnoDB: Completed initialization of buffer pool
2019-08-29T11:44:12.179080Z 0 [Note] InnoDB: If the mysqld execution user is authorized, page cleaner thread priority can be changed. See the man page of setpriority().
2019-08-29T11:44:12.245245Z 0 [Note] InnoDB: Highest supported file format is Barracuda.
2019-08-29T11:44:12.253711Z 0 [Note] InnoDB: Log scan progressed past the checkpoint lsn 3418325
2019-08-29T11:44:12.255577Z 0 [Note] InnoDB: Doing recovery: scanned up to log sequence number 3418334
2019-08-29T11:44:12.260932Z 0 [Note] InnoDB: Database was not shutdown normally!
2019-08-29T11:44:12.261887Z 0 [Note] InnoDB: Starting crash recovery.
2019-08-29T11:44:12.795461Z 0 [Note] InnoDB: Removed temporary tablespace data file: "ibtmp1"
2019-08-29T11:44:12.797545Z 0 [Note] InnoDB: Creating shared tablespace for temporary tables
2019-08-29T11:44:12.800625Z 0 [Note] InnoDB: Setting file './ibtmp1' size to 12 MB. Physically writing the file full; Please wait ...
2019-08-29T11:44:12.951627Z 0 [Note] InnoDB: File './ibtmp1' size is now 12 MB.
2019-08-29T11:44:12.956034Z 0 [Note] InnoDB: 96 redo rollback segment(s) found. 96 redo rollback segment(s) are active.
2019-08-29T11:44:12.958576Z 0 [Note] InnoDB: 32 non-redo rollback segment(s) are active.
2019-08-29T11:44:12.961715Z 0 [Note] InnoDB: Waiting for purge to start
2019-08-29T11:44:13.016452Z 0 [Note] InnoDB: 5.7.23 started; log sequence number 3418334
2019-08-29T11:44:13.025297Z 0 [Note] Plugin 'FEDERATED' is disabled.
2019-08-29T11:44:13.027080Z 0 [Note] InnoDB: Loading buffer pool(s) from /var/lib/mysql/ib_buffer_pool
2019-08-29T11:44:13.091915Z 0 [Note] InnoDB: Buffer pool(s) load completed at 190829 11:44:13
2019-08-29T11:44:13.095637Z 0 [Warning] Failed to set up SSL because of the following SSL library error: SSL context is not usable without certificate and private key
2019-08-29T11:44:13.096562Z 0 [Note] Server hostname (bind-address): '*'; port: 3306
2019-08-29T11:44:13.099552Z 0 [Note] IPv6 is available.
2019-08-29T11:44:13.115158Z 0 [Note]   - '::' resolves to '::';
2019-08-29T11:44:13.117697Z 0 [Note] Server socket created on IP: '::'.
2019-08-29T11:44:13.138679Z 0 [ERROR] /usr/sbin/mysqld: Table './mysql/user' is marked as crashed and should be repaired
2019-08-29T11:44:13.139459Z 0 [Warning] Checking table:   './mysql/user'
2019-08-29T11:44:13.140499Z 0 [ERROR] 1 client is using or hasn't closed the table properly
2019-08-29T11:44:13.146307Z 0 [Warning] 'user' entry 'root@localhost' ignored in --skip-name-resolve mode.
2019-08-29T11:44:13.147620Z 0 [Warning] 'user' entry 'mysql.session@localhost' ignored in --skip-name-resolve mode.
2019-08-29T11:44:13.149600Z 0 [Warning] 'user' entry 'mysql.sys@localhost' ignored in --skip-name-resolve mode.
2019-08-29T11:44:13.151321Z 0 [Warning] 'db' entry 'performance_schema mysql.session@localhost' ignored in --skip-name-resolve mode.
2019-08-29T11:44:13.152041Z 0 [Warning] 'db' entry 'sys mysql.sys@localhost' ignored in --skip-name-resolve mode.
2019-08-29T11:44:13.154425Z 0 [Warning] 'proxies_priv' entry '@ root@localhost' ignored in --skip-name-resolve mode.
2019-08-29T11:44:13.180653Z 0 [Warning] 'tables_priv' entry 'user mysql.session@localhost' ignored in --skip-name-resolve mode.
2019-08-29T11:44:13.182124Z 0 [Warning] 'tables_priv' entry 'sys_config mysql.sys@localhost' ignored in --skip-name-resolve mode.
2019-08-29T11:44:13.425431Z 0 [Note] Event Scheduler: Loaded 0 events
2019-08-29T11:44:13.435589Z 0 [Note] /usr/sbin/mysqld: ready for connections.
Version: '5.7.23'  socket: '/var/run/mysqld/mysqld.sock'  port: 3306  MySQL Community Server (GPL)
2019-08-30T06:59:28.370581Z 0 [Warning] TIMESTAMP with implicit DEFAULT value is deprecated. Please use --explicit_defaults_for_timestamp server option (see documentation for more details).
2019-08-30T06:59:28.386076Z 0 [Note] /usr/sbin/mysqld (mysqld 5.7.23) starting as process 81 ...
2019-08-30T06:59:28.554881Z 0 [Note] InnoDB: PUNCH HOLE support available
2019-08-30T06:59:28.556781Z 0 [Note] InnoDB: Mutexes and rw_locks use GCC atomic builtins
2019-08-30T06:59:28.557690Z 0 [Note] InnoDB: Uses event mutexes
2019-08-30T06:59:28.558521Z 0 [Note] InnoDB: GCC builtin __atomic_thread_fence() is used for memory barrier
2019-08-30T06:59:28.560943Z 0 [Note] InnoDB: Compressed tables use zlib 1.2.3
2019-08-30T06:59:28.561699Z 0 [Note] InnoDB: Using Linux native AIO
2019-08-30T06:59:28.579485Z 0 [Note] InnoDB: Number of pools: 1
2019-08-30T06:59:28.589972Z 0 [Note] InnoDB: Using CPU crc32 instructions
2019-08-30T06:59:28.614452Z 0 [Note] InnoDB: Initializing buffer pool, total size = 32M, instances = 1, chunk size = 32M
2019-08-30T06:59:28.654485Z 0 [Note] InnoDB: Completed initialization of buffer pool
2019-08-30T06:59:28.671345Z 0 [Note] InnoDB: If the mysqld execution user is authorized, page cleaner thread priority can be changed. See the man page of setpriority().
2019-08-30T06:59:28.761094Z 0 [Note] InnoDB: Highest supported file format is Barracuda.
2019-08-30T06:59:28.797239Z 0 [Note] InnoDB: Log scan progressed past the checkpoint lsn 7412459
2019-08-30T06:59:28.802704Z 0 [Note] InnoDB: Doing recovery: scanned up to log sequence number 7412567
2019-08-30T06:59:28.812527Z 0 [Note] InnoDB: Database was not shutdown normally!
2019-08-30T06:59:28.816624Z 0 [Note] InnoDB: Starting crash recovery.
2019-08-30T06:59:29.281415Z 0 [Note] InnoDB: Removed temporary tablespace data file: "ibtmp1"
2019-08-30T06:59:29.282017Z 0 [Note] InnoDB: Creating shared tablespace for temporary tables
2019-08-30T06:59:29.283386Z 0 [Note] InnoDB: Setting file './ibtmp1' size to 12 MB. Physically writing the file full; Please wait ...
2019-08-30T06:59:29.456889Z 0 [Note] InnoDB: File './ibtmp1' size is now 12 MB.
2019-08-30T06:59:29.476569Z 0 [Note] InnoDB: 96 redo rollback segment(s) found. 96 redo rollback segment(s) are active.
2019-08-30T06:59:29.478428Z 0 [Note] InnoDB: 32 non-redo rollback segment(s) are active.
2019-08-30T06:59:29.523688Z 0 [Note] InnoDB: 5.7.23 started; log sequence number 7412567
2019-08-30T06:59:29.530655Z 0 [Note] InnoDB: Loading buffer pool(s) from /var/lib/mysql/ib_buffer_pool
2019-08-30T06:59:29.550749Z 0 [Note] Plugin 'FEDERATED' is disabled.
2019-08-30T06:59:29.593279Z 0 [Warning] Failed to set up SSL because of the following SSL library error: SSL context is not usable without certificate and private key
2019-08-30T06:59:29.594394Z 0 [Note] Server hostname (bind-address): '*'; port: 3306
2019-08-30T06:59:29.596210Z 0 [Note] IPv6 is available.
2019-08-30T06:59:29.603269Z 0 [Note]   - '::' resolves to '::';
2019-08-30T06:59:29.604151Z 0 [Note] Server socket created on IP: '::'.
2019-08-30T06:59:29.605752Z 0 [Note] InnoDB: Buffer pool(s) load completed at 190830  6:59:29
2019-08-30T06:59:29.652203Z 0 [Warning] 'user' entry 'root@localhost' ignored in --skip-name-resolve mode.
2019-08-30T06:59:29.652706Z 0 [Warning] 'user' entry 'mysql.session@localhost' ignored in --skip-name-resolve mode.
2019-08-30T06:59:29.653266Z 0 [Warning] 'user' entry 'mysql.sys@localhost' ignored in --skip-name-resolve mode.
2019-08-30T06:59:29.655261Z 0 [Warning] 'db' entry 'performance_schema mysql.session@localhost' ignored in --skip-name-resolve mode.
2019-08-30T06:59:29.656158Z 0 [Warning] 'db' entry 'sys mysql.sys@localhost' ignored in --skip-name-resolve mode.
2019-08-30T06:59:29.662450Z 0 [Warning] 'proxies_priv' entry '@ root@localhost' ignored in --skip-name-resolve mode.
2019-08-30T06:59:29.718601Z 0 [Warning] 'tables_priv' entry 'user mysql.session@localhost' ignored in --skip-name-resolve mode.
2019-08-30T06:59:29.719227Z 0 [Warning] 'tables_priv' entry 'sys_config mysql.sys@localhost' ignored in --skip-name-resolve mode.
2019-08-30T06:59:30.220122Z 0 [Note] Event Scheduler: Loaded 0 events
2019-08-30T06:59:30.235440Z 0 [Note] /usr/sbin/mysqld: ready for connections.
Version: '5.7.23'  socket: '/var/run/mysqld/mysqld.sock'  port: 3306  MySQL Community Server (GPL)
2019-08-30T11:38:11.890010Z 0 [Note] InnoDB: page_cleaner: 1000ms intended loop took 3828140ms. The settings might not be optimal. (flushed=0 and evicted=0, during the time.)
2019-09-02T07:05:34.575380Z 0 [Warning] TIMESTAMP with implicit DEFAULT value is deprecated. Please use --explicit_defaults_for_timestamp server option (see documentation for more details).
2019-09-02T07:05:34.584883Z 0 [Note] /usr/sbin/mysqld (mysqld 5.7.23) starting as process 77 ...
2019-09-02T07:05:34.702288Z 0 [Note] InnoDB: PUNCH HOLE support available
2019-09-02T07:05:34.705596Z 0 [Note] InnoDB: Mutexes and rw_locks use GCC atomic builtins
2019-09-02T07:05:34.709253Z 0 [Note] InnoDB: Uses event mutexes
2019-09-02T07:05:34.712960Z 0 [Note] InnoDB: GCC builtin __atomic_thread_fence() is used for memory barrier
2019-09-02T07:05:34.713974Z 0 [Note] InnoDB: Compressed tables use zlib 1.2.3
2019-09-02T07:05:34.715015Z 0 [Note] InnoDB: Using Linux native AIO
2019-09-02T07:05:34.721391Z 0 [Note] InnoDB: Number of pools: 1
2019-09-02T07:05:34.730370Z 0 [Note] InnoDB: Using CPU crc32 instructions
2019-09-02T07:05:34.736503Z 0 [Note] InnoDB: Initializing buffer pool, total size = 32M, instances = 1, chunk size = 32M
2019-09-02T07:05:34.748912Z 0 [Note] InnoDB: Completed initialization of buffer pool
2019-09-02T07:05:34.777686Z 0 [Note] InnoDB: If the mysqld execution user is authorized, page cleaner thread priority can be changed. See the man page of setpriority().
2019-09-02T07:05:34.848088Z 0 [Note] InnoDB: Highest supported file format is Barracuda.
2019-09-02T07:05:34.855537Z 0 [Note] InnoDB: Log scan progressed past the checkpoint lsn 11153567
2019-09-02T07:05:34.856889Z 0 [Note] InnoDB: Doing recovery: scanned up to log sequence number 11153576
2019-09-02T07:05:34.858075Z 0 [Note] InnoDB: Database was not shutdown normally!
2019-09-02T07:05:34.858703Z 0 [Note] InnoDB: Starting crash recovery.
2019-09-02T07:05:35.235615Z 0 [Note] InnoDB: Removed temporary tablespace data file: "ibtmp1"
2019-09-02T07:05:35.236696Z 0 [Note] InnoDB: Creating shared tablespace for temporary tables
2019-09-02T07:05:35.237704Z 0 [Note] InnoDB: Setting file './ibtmp1' size to 12 MB. Physically writing the file full; Please wait ...
2019-09-02T07:05:35.388656Z 0 [Note] InnoDB: File './ibtmp1' size is now 12 MB.
2019-09-02T07:05:35.390074Z 0 [Note] InnoDB: 96 redo rollback segment(s) found. 96 redo rollback segment(s) are active.
2019-09-02T07:05:35.391312Z 0 [Note] InnoDB: 32 non-redo rollback segment(s) are active.
2019-09-02T07:05:35.434433Z 0 [Note] InnoDB: 5.7.23 started; log sequence number 11153576
2019-09-02T07:05:35.435538Z 0 [Note] InnoDB: Loading buffer pool(s) from /var/lib/mysql/ib_buffer_pool
2019-09-02T07:05:35.436962Z 0 [Note] Plugin 'FEDERATED' is disabled.
2019-09-02T07:05:35.502427Z 0 [Note] InnoDB: Buffer pool(s) load completed at 190902  7:05:35
2019-09-02T07:05:35.521310Z 0 [Warning] Failed to set up SSL because of the following SSL library error: SSL context is not usable without certificate and private key
2019-09-02T07:05:35.522398Z 0 [Note] Server hostname (bind-address): '*'; port: 3306
2019-09-02T07:05:35.525470Z 0 [Note] IPv6 is available.
2019-09-02T07:05:35.526852Z 0 [Note]   - '::' resolves to '::';
2019-09-02T07:05:35.534486Z 0 [Note] Server socket created on IP: '::'.
2019-09-02T07:05:35.554237Z 0 [Warning] 'user' entry 'root@localhost' ignored in --skip-name-resolve mode.
2019-09-02T07:05:35.558878Z 0 [Warning] 'user' entry 'mysql.session@localhost' ignored in --skip-name-resolve mode.
2019-09-02T07:05:35.559636Z 0 [Warning] 'user' entry 'mysql.sys@localhost' ignored in --skip-name-resolve mode.
2019-09-02T07:05:35.561608Z 0 [Warning] 'db' entry 'performance_schema mysql.session@localhost' ignored in --skip-name-resolve mode.
2019-09-02T07:05:35.562722Z 0 [Warning] 'db' entry 'sys mysql.sys@localhost' ignored in --skip-name-resolve mode.
2019-09-02T07:05:35.565075Z 0 [Warning] 'proxies_priv' entry '@ root@localhost' ignored in --skip-name-resolve mode.
2019-09-02T07:05:35.576082Z 0 [Warning] 'tables_priv' entry 'user mysql.session@localhost' ignored in --skip-name-resolve mode.
2019-09-02T07:05:35.577250Z 0 [Warning] 'tables_priv' entry 'sys_config mysql.sys@localhost' ignored in --skip-name-resolve mode.
2019-09-02T07:05:35.674787Z 0 [Note] Event Scheduler: Loaded 0 events
2019-09-02T07:05:35.684611Z 0 [Note] /usr/sbin/mysqld: ready for connections.
Version: '5.7.23'  socket: '/var/run/mysqld/mysqld.sock'  port: 3306  MySQL Community Server (GPL)
